[INFO] Scanning for projects...
[INFO] 
[INFO] ----------------------< com.med:cognitive-module >----------------------
[INFO] Building cognitive-module 0.0.1-SNAPSHOT
[INFO]   from pom.xml
[INFO] --------------------------------[ jar ]---------------------------------
[INFO] 
[INFO] --- clean:3.3.2:clean (default-clean) @ cognitive-module ---
[INFO] Deleting C:\Users\mraya\Downloads\Dťvelopper interface Memoria (3)\backend\target
[INFO] 
[INFO] --- resources:3.3.1:resources (default-resources) @ cognitive-module ---
[INFO] Copying 1 resource from src\main\resources to target\classes
[INFO] Copying 1 resource from src\main\resources to target\classes
[INFO] 
[INFO] --- compiler:3.11.0:compile (default-compile) @ cognitive-module ---
[INFO] Changes detected - recompiling the module! :source
[INFO] Compiling 41 source files with javac [debug release 17] to target\classes
[INFO] /C:/Users/mraya/Downloads/Dťvelopper interface Memoria (3)/backend/src/main/java/com/med/cognitive/entity/MapToStringConverter.java: Some input files use unchecked or unsafe operations.
[INFO] /C:/Users/mraya/Downloads/Dťvelopper interface Memoria (3)/backend/src/main/java/com/med/cognitive/entity/MapToStringConverter.java: Recompile with -Xlint:unchecked for details.
[INFO] 
[INFO] --- resources:3.3.1:testResources (default-testResources) @ cognitive-module ---
[INFO] Not copying test resources
[INFO] 
[INFO] --- compiler:3.11.0:testCompile (default-testCompile) @ cognitive-module ---
[INFO] Not compiling test sources
[INFO] 
[INFO] --- surefire:3.1.2:test (default-test) @ cognitive-module ---
[INFO] Tests are skipped.
[INFO] 
[INFO] --- jar:3.3.0:jar (default-jar) @ cognitive-module ---
[INFO] Building jar: C:\Users\mraya\Downloads\Dťvelopper interface Memoria (3)\backend\target\cognitive-module-0.0.1-SNAPSHOT.jar
[INFO] 
[INFO] --- spring-boot:3.2.3:repackage (repackage) @ cognitive-module ---
[INFO] Replacing main artifact C:\Users\mraya\Downloads\Dťvelopper interface Memoria (3)\backend\target\cognitive-module-0.0.1-SNAPSHOT.jar with repackaged archive, adding nested dependencies in BOOT-INF/.
[INFO] The original artifact has been renamed to C:\Users\mraya\Downloads\Dťvelopper interface Memoria (3)\backend\target\cognitive-module-0.0.1-SNAPSHOT.jar.original
[INFO] ------------------------------------------------------------------------
[INFO] BUILD SUCCESS
[INFO] ------------------------------------------------------------------------
[INFO] Total time:  10.585 s
[INFO] Finished at: 2026-02-18T02:16:51+01:00
[INFO] ------------------------------------------------------------------------
